<?xml version="1.0" encoding="UTF-8"?>
<testsuite name="org.example.servicelinkbe.business.appointment_service.implementations.GetSingleAppointmentUseCaseImplTest" tests="2" skipped="0" failures="0" errors="0" timestamp="2024-06-28T16:03:26" hostname="NAZIM" time="0.017">
  <properties/>
  <testcase name="testGetNonExistingAppointment()" classname="org.example.servicelinkbe.business.appointment_service.implementations.GetSingleAppointmentUseCaseImplTest" time="0.012"/>
  <testcase name="testGetExistingAppointment()" classname="org.example.servicelinkbe.business.appointment_service.implementations.GetSingleAppointmentUseCaseImplTest" time="0.004"/>
  <system-out><![CDATA[]]></system-out>
  <system-err><![CDATA[]]></system-err>
</testsuite>
