<?xml version="1.0" encoding="UTF-8"?>
<testsuite name="org.example.servicelinkbe.ServiceProviderLinkBeApplicationTests" tests="1" skipped="0" failures="0" errors="0" timestamp="2024-07-01T07:54:05" hostname="NAZIM" time="0.32">
  <properties/>
  <testcase name="contextLoads()" classname="org.example.servicelinkbe.ServiceProviderLinkBeApplicationTests" time="0.32"/>
  <system-out><![CDATA[09:53:54.722 [Test worker] INFO org.springframework.test.context.support.AnnotationConfigContextLoaderUtils -- Could not detect default configuration classes for test class [org.example.servicelinkbe.ServiceProviderLinkBeApplicationTests]: ServiceProviderLinkBeApplicationTests does not declare any static, non-private, non-final, nested classes annotated with @Configuration.
09:53:54.949 [Test worker] INFO org.springframework.boot.test.context.SpringBootTestContextBootstrapper -- Found @SpringBootConfiguration org.example.servicelinkbe.ServiceLinkBeApplication for test class org.example.servicelinkbe.ServiceProviderLinkBeApplicationTests

  .   ____          _            __ _ _
 /\\ / ___'_ __ _ _(_)_ __  __ _ \ \ \ \
( ( )\___ | '_ | '_| | '_ \/ _` | \ \ \ \
 \\/  ___)| |_)| | | | | || (_| |  ) ) ) )
  '  |____| .__|_| |_|_| |_\__, | / / / /
 =========|_|==============|___/=/_/_/_/

 :: Spring Boot ::                (v3.3.1)

2024-07-01T09:53:55.701+02:00  INFO 14772 --- [    Test worker] .s.ServiceProviderLinkBeApplicationTests : Starting ServiceProviderLinkBeApplicationTests using Java 17.0.10 with PID 14772 (started by nahme in C:\Side-project\ServiceLink-BE)
2024-07-01T09:53:55.703+02:00  INFO 14772 --- [    Test worker] .s.ServiceProviderLinkBeApplicationTests : No active profile set, falling back to 1 default profile: "default"
2024-07-01T09:53:57.493+02:00  INFO 14772 --- [    Test worker] .s.d.r.c.RepositoryConfigurationDelegate : Bootstrapping Spring Data JPA repositories in DEFAULT mode.
2024-07-01T09:53:57.630+02:00  INFO 14772 --- [    Test worker] .s.d.r.c.RepositoryConfigurationDelegate : Finished Spring Data repository scanning in 120 ms. Found 5 JPA repository interfaces.
2024-07-01T09:53:59.418+02:00  INFO 14772 --- [    Test worker] org.flywaydb.core.FlywayExecutor         : Database: jdbc:mysql://localhost:3306/service_link (MySQL 8.4)
2024-07-01T09:53:59.462+02:00  WARN 14772 --- [    Test worker] o.f.c.internal.database.base.Database    : Flyway upgrade recommended: MySQL 8.4 is newer than this version of Flyway and support has not been tested. The latest supported version of MySQL is 8.1.
2024-07-01T09:53:59.571+02:00  INFO 14772 --- [    Test worker] o.f.core.internal.command.DbValidate     : Successfully validated 1 migration (execution time 00:00.067s)
2024-07-01T09:53:59.621+02:00  INFO 14772 --- [    Test worker] o.f.core.internal.command.DbMigrate      : Current version of schema `service_link`: 1
2024-07-01T09:53:59.622+02:00 ERROR 14772 --- [    Test worker] o.f.core.internal.command.DbMigrate      : Schema `service_link` has version 1, but no migration could be resolved in the configured locations !
2024-07-01T09:53:59.630+02:00  INFO 14772 --- [    Test worker] o.f.core.internal.command.DbMigrate      : Schema `service_link` is up to date. No migration necessary.
2024-07-01T09:53:59.825+02:00  INFO 14772 --- [    Test worker] o.hibernate.jpa.internal.util.LogHelper  : HHH000204: Processing PersistenceUnitInfo [name: default]
2024-07-01T09:53:59.962+02:00  INFO 14772 --- [    Test worker] org.hibernate.Version                    : HHH000412: Hibernate ORM core version 6.5.2.Final
2024-07-01T09:54:00.057+02:00  INFO 14772 --- [    Test worker] o.h.c.internal.RegionFactoryInitiator    : HHH000026: Second-level cache disabled
2024-07-01T09:54:00.698+02:00  INFO 14772 --- [    Test worker] o.s.o.j.p.SpringPersistenceUnitInfo      : No LoadTimeWeaver setup: ignoring JPA class transformer
2024-07-01T09:54:00.766+02:00  INFO 14772 --- [    Test worker] com.zaxxer.hikari.HikariDataSource       : HikariPool-1 - Starting...
2024-07-01T09:54:00.854+02:00  INFO 14772 --- [    Test worker] com.zaxxer.hikari.pool.HikariPool        : HikariPool-1 - Added connection com.mysql.cj.jdbc.ConnectionImpl@78ea700f
2024-07-01T09:54:00.859+02:00  INFO 14772 --- [    Test worker] com.zaxxer.hikari.HikariDataSource       : HikariPool-1 - Start completed.
2024-07-01T09:54:00.930+02:00  WARN 14772 --- [    Test worker] org.hibernate.orm.deprecation            : HHH90000025: MySQL8Dialect does not need to be specified explicitly using 'hibernate.dialect' (remove the property setting and it will be selected by default)
2024-07-01T09:54:00.933+02:00  WARN 14772 --- [    Test worker] org.hibernate.orm.deprecation            : HHH90000026: MySQL8Dialect has been deprecated; use org.hibernate.dialect.MySQLDialect instead
2024-07-01T09:54:02.972+02:00  INFO 14772 --- [    Test worker] o.h.e.t.j.p.i.JtaPlatformInitiator       : HHH000489: No JTA platform available (set 'hibernate.transaction.jta.platform' to enable JTA platform integration)
2024-07-01T09:54:02.979+02:00  INFO 14772 --- [    Test worker] j.LocalContainerEntityManagerFactoryBean : Initialized JPA EntityManagerFactory for persistence unit 'default'
2024-07-01T09:54:04.124+02:00  WARN 14772 --- [    Test worker] JpaBaseConfiguration$JpaWebConfiguration : spring.jpa.open-in-view is enabled by default. Therefore, database queries may be performed during view rendering. Explicitly configure spring.jpa.open-in-view to disable this warning
2024-07-01T09:54:04.169+02:00  WARN 14772 --- [    Test worker] .s.s.UserDetailsServiceAutoConfiguration : 

Using generated security password: 6bc01b7f-95bd-42e0-b67c-5bc079db4ae8

This generated password is for development use only. Your security configuration must be updated before running your application in production.

2024-07-01T09:54:04.182+02:00  INFO 14772 --- [    Test worker] r$InitializeUserDetailsManagerConfigurer : Global AuthenticationManager configured with UserDetailsService bean with name inMemoryUserDetailsManager
2024-07-01T09:54:05.744+02:00  INFO 14772 --- [    Test worker] .s.ServiceProviderLinkBeApplicationTests : Started ServiceProviderLinkBeApplicationTests in 10.428 seconds (process running for 12.839)
]]></system-out>
  <system-err><![CDATA[]]></system-err>
</testsuite>
