<?xml version="1.0" encoding="UTF-8"?>
<testsuite name="org.example.servicelinkbe.ProvisionLinkBeApplicationTests" tests="1" skipped="0" failures="0" errors="0" timestamp="2024-06-27T20:13:46" hostname="NAZIM" time="0.245">
  <properties/>
  <testcase name="contextLoads()" classname="org.example.servicelinkbe.ProvisionLinkBeApplicationTests" time="0.245"/>
  <system-out><![CDATA[22:13:36.945 [Test worker] INFO org.springframework.test.context.support.AnnotationConfigContextLoaderUtils -- Could not detect default configuration classes for test class [org.example.servicelinkbe.ProvisionLinkBeApplicationTests]: ProvisionLinkBeApplicationTests does not declare any static, non-private, non-final, nested classes annotated with @Configuration.
22:13:37.139 [Test worker] INFO org.springframework.boot.test.context.SpringBootTestContextBootstrapper -- Found @SpringBootConfiguration org.example.servicelinkbe.ServiceLinkBeApplication for test class org.example.servicelinkbe.ProvisionLinkBeApplicationTests

  .   ____          _            __ _ _
 /\\ / ___'_ __ _ _(_)_ __  __ _ \ \ \ \
( ( )\___ | '_ | '_| | '_ \/ _` | \ \ \ \
 \\/  ___)| |_)| | | | | || (_| |  ) ) ) )
  '  |____| .__|_| |_|_| |_\__, | / / / /
 =========|_|==============|___/=/_/_/_/

 :: Spring Boot ::                (v3.3.1)

2024-06-27T22:13:38.036+02:00  INFO 14408 --- [    Test worker] o.e.s.ProvisionLinkBeApplicationTests    : Starting ProvisionLinkBeApplicationTests using Java 17.0.10 with PID 14408 (started by nahme in C:\Side-project\ServiceLink-BE)
2024-06-27T22:13:38.042+02:00  INFO 14408 --- [    Test worker] o.e.s.ProvisionLinkBeApplicationTests    : No active profile set, falling back to 1 default profile: "default"
2024-06-27T22:13:39.602+02:00  INFO 14408 --- [    Test worker] .s.d.r.c.RepositoryConfigurationDelegate : Bootstrapping Spring Data JPA repositories in DEFAULT mode.
2024-06-27T22:13:39.735+02:00  INFO 14408 --- [    Test worker] .s.d.r.c.RepositoryConfigurationDelegate : Finished Spring Data repository scanning in 116 ms. Found 5 JPA repository interfaces.
2024-06-27T22:13:41.423+02:00  INFO 14408 --- [    Test worker] org.flywaydb.core.FlywayExecutor         : Database: jdbc:mysql://localhost:3306/service_link (MySQL 8.4)
2024-06-27T22:13:41.456+02:00  WARN 14408 --- [    Test worker] o.f.c.internal.database.base.Database    : Flyway upgrade recommended: MySQL 8.4 is newer than this version of Flyway and support has not been tested. The latest supported version of MySQL is 8.1.
2024-06-27T22:13:41.542+02:00  INFO 14408 --- [    Test worker] o.f.core.internal.command.DbValidate     : Successfully validated 0 migrations (execution time 00:00.055s)
2024-06-27T22:13:41.542+02:00  WARN 14408 --- [    Test worker] o.f.core.internal.command.DbValidate     : No migrations found. Are your locations set up correctly?
2024-06-27T22:13:41.592+02:00  INFO 14408 --- [    Test worker] o.f.core.internal.command.DbMigrate      : Current version of schema `service_link`: << Empty Schema >>
2024-06-27T22:13:41.603+02:00  INFO 14408 --- [    Test worker] o.f.core.internal.command.DbMigrate      : Schema `service_link` is up to date. No migration necessary.
2024-06-27T22:13:41.748+02:00  INFO 14408 --- [    Test worker] o.hibernate.jpa.internal.util.LogHelper  : HHH000204: Processing PersistenceUnitInfo [name: default]
2024-06-27T22:13:41.904+02:00  INFO 14408 --- [    Test worker] org.hibernate.Version                    : HHH000412: Hibernate ORM core version 6.5.2.Final
2024-06-27T22:13:41.973+02:00  INFO 14408 --- [    Test worker] o.h.c.internal.RegionFactoryInitiator    : HHH000026: Second-level cache disabled
2024-06-27T22:13:42.560+02:00  INFO 14408 --- [    Test worker] o.s.o.j.p.SpringPersistenceUnitInfo      : No LoadTimeWeaver setup: ignoring JPA class transformer
2024-06-27T22:13:42.609+02:00  INFO 14408 --- [    Test worker] com.zaxxer.hikari.HikariDataSource       : HikariPool-1 - Starting...
2024-06-27T22:13:42.678+02:00  INFO 14408 --- [    Test worker] com.zaxxer.hikari.pool.HikariPool        : HikariPool-1 - Added connection com.mysql.cj.jdbc.ConnectionImpl@7cd25bf5
2024-06-27T22:13:42.681+02:00  INFO 14408 --- [    Test worker] com.zaxxer.hikari.HikariDataSource       : HikariPool-1 - Start completed.
2024-06-27T22:13:42.768+02:00  WARN 14408 --- [    Test worker] org.hibernate.orm.deprecation            : HHH90000025: MySQL8Dialect does not need to be specified explicitly using 'hibernate.dialect' (remove the property setting and it will be selected by default)
2024-06-27T22:13:42.770+02:00  WARN 14408 --- [    Test worker] org.hibernate.orm.deprecation            : HHH90000026: MySQL8Dialect has been deprecated; use org.hibernate.dialect.MySQLDialect instead
2024-06-27T22:13:44.673+02:00  INFO 14408 --- [    Test worker] o.h.e.t.j.p.i.JtaPlatformInitiator       : HHH000489: No JTA platform available (set 'hibernate.transaction.jta.platform' to enable JTA platform integration)
2024-06-27T22:13:44.682+02:00  INFO 14408 --- [    Test worker] j.LocalContainerEntityManagerFactoryBean : Initialized JPA EntityManagerFactory for persistence unit 'default'
2024-06-27T22:13:45.671+02:00  WARN 14408 --- [    Test worker] JpaBaseConfiguration$JpaWebConfiguration : spring.jpa.open-in-view is enabled by default. Therefore, database queries may be performed during view rendering. Explicitly configure spring.jpa.open-in-view to disable this warning
2024-06-27T22:13:46.532+02:00  WARN 14408 --- [    Test worker] .s.s.UserDetailsServiceAutoConfiguration : 

Using generated security password: b4b1e4be-8cc5-446b-9db8-3718a4f32e5d

This generated password is for development use only. Your security configuration must be updated before running your application in production.

2024-06-27T22:13:46.547+02:00  INFO 14408 --- [    Test worker] r$InitializeUserDetailsManagerConfigurer : Global AuthenticationManager configured with UserDetailsService bean with name inMemoryUserDetailsManager
2024-06-27T22:13:46.841+02:00  INFO 14408 --- [    Test worker] o.e.s.ProvisionLinkBeApplicationTests    : Started ProvisionLinkBeApplicationTests in 9.377 seconds (process running for 11.656)
]]></system-out>
  <system-err><![CDATA[]]></system-err>
</testsuite>
