<?xml version="1.0" encoding="UTF-8"?>
<testsuite name="org.example.servicelinkbe.business.appointment_service.implementations.DeleteAppointmentUseCaseImplTest" tests="2" skipped="0" failures="0" errors="0" timestamp="2024-06-28T16:03:26" hostname="NAZIM" time="0.011">
  <properties/>
  <testcase name="testDeleteNonExisting()" classname="org.example.servicelinkbe.business.appointment_service.implementations.DeleteAppointmentUseCaseImplTest" time="0.007"/>
  <testcase name="testDeleteExisting()" classname="org.example.servicelinkbe.business.appointment_service.implementations.DeleteAppointmentUseCaseImplTest" time="0.003"/>
  <system-out><![CDATA[]]></system-out>
  <system-err><![CDATA[]]></system-err>
</testsuite>
