<?xml version="1.0" encoding="UTF-8"?>
<testsuite name="org.example.servicelinkbe.business.login_service.implementations.LoginUseCaseImplTest" tests="6" skipped="0" failures="0" errors="0" timestamp="2024-07-01T07:54:06" hostname="NAZIM" time="0.144">
  <properties/>
  <testcase name="login_WithInvalidCredentials_ThrowsInvalidCredentialsException()" classname="org.example.servicelinkbe.business.login_service.implementations.LoginUseCaseImplTest" time="0.113"/>
  <testcase name="register_WithValidRequest_ReturnsRegisterResponse()" classname="org.example.servicelinkbe.business.login_service.implementations.LoginUseCaseImplTest" time="0.009"/>
  <testcase name="register_WithExistingEmail_ThrowsResponseStatusException()" classname="org.example.servicelinkbe.business.login_service.implementations.LoginUseCaseImplTest" time="0.004"/>
  <testcase name="generateAccessToken_WithNullUserId_ReturnsAccessToken()" classname="org.example.servicelinkbe.business.login_service.implementations.LoginUseCaseImplTest" time="0.003"/>
  <testcase name="login_WithNullUser_ThrowsInvalidCredentialsException()" classname="org.example.servicelinkbe.business.login_service.implementations.LoginUseCaseImplTest" time="0.005"/>
  <testcase name="login_WithValidCredentials_ReturnsAccessToken()" classname="org.example.servicelinkbe.business.login_service.implementations.LoginUseCaseImplTest" time="0.004"/>
  <system-out><![CDATA[]]></system-out>
  <system-err><![CDATA[]]></system-err>
</testsuite>
