<?xml version="1.0" encoding="UTF-8"?>
<testsuite name="org.example.servicelinkbe.business.appointment_service.implementations.UpdateAppointmentUseCaseImplTest" tests="2" skipped="0" failures="0" errors="0" timestamp="2024-06-28T16:03:26" hostname="NAZIM" time="0.01">
  <properties/>
  <testcase name="testUpdateNonExistingAppointment()" classname="org.example.servicelinkbe.business.appointment_service.implementations.UpdateAppointmentUseCaseImplTest" time="0.005"/>
  <testcase name="testUpdateExistingAppointment()" classname="org.example.servicelinkbe.business.appointment_service.implementations.UpdateAppointmentUseCaseImplTest" time="0.004"/>
  <system-out><![CDATA[]]></system-out>
  <system-err><![CDATA[]]></system-err>
</testsuite>
