<?xml version="1.0" encoding="UTF-8"?>
<testsuite name="org.example.servicelinkbe.business.user_service.implementations.DeleteUserUseCaseImplTest" tests="2" skipped="0" failures="0" errors="0" timestamp="2024-07-01T07:54:06" hostname="NAZIM" time="0.012">
  <properties/>
  <testcase name="delete_User_ValidId_DeletesUser()" classname="org.example.servicelinkbe.business.user_service.implementations.DeleteUserUseCaseImplTest" time="0.007"/>
  <testcase name="delete_User_InvalidId_ThrowsException()" classname="org.example.servicelinkbe.business.user_service.implementations.DeleteUserUseCaseImplTest" time="0.004"/>
  <system-out><![CDATA[]]></system-out>
  <system-err><![CDATA[]]></system-err>
</testsuite>
