<?xml version="1.0" encoding="UTF-8"?>
<testsuite name="org.example.servicelinkbe.business.appointment_service.implementations.GetAppointmentsUseCaseImplTest" tests="1" skipped="0" failures="0" errors="0" timestamp="2024-06-28T20:56:10" hostname="NAZIM" time="0.006">
  <properties/>
  <testcase name="testGet()" classname="org.example.servicelinkbe.business.appointment_service.implementations.GetAppointmentsUseCaseImplTest" time="0.006"/>
  <system-out><![CDATA[]]></system-out>
  <system-err><![CDATA[]]></system-err>
</testsuite>
