<?xml version="1.0" encoding="UTF-8"?>
<testsuite name="org.example.servicelinkbe.business.provision_service.implementations.GetSingleProvisionUseCaseImplTest" tests="2" skipped="0" failures="0" errors="0" timestamp="2024-06-28T20:56:10" hostname="NAZIM" time="0.007">
  <properties/>
  <testcase name="testGetSuccess()" classname="org.example.servicelinkbe.business.provision_service.implementations.GetSingleProvisionUseCaseImplTest" time="0.003"/>
  <testcase name="testGetNotFound()" classname="org.example.servicelinkbe.business.provision_service.implementations.GetSingleProvisionUseCaseImplTest" time="0.003"/>
  <system-out><![CDATA[]]></system-out>
  <system-err><![CDATA[]]></system-err>
</testsuite>
