<?xml version="1.0" encoding="UTF-8"?>
<testsuite name="org.example.servicelinkbe.business.appointment_service.implementations.GetSingleAppointmentUseCaseImplTest" tests="2" skipped="0" failures="0" errors="0" timestamp="2024-06-28T20:56:10" hostname="NAZIM" time="0.016">
  <properties/>
  <testcase name="testGetNonExistingAppointment()" classname="org.example.servicelinkbe.business.appointment_service.implementations.GetSingleAppointmentUseCaseImplTest" time="0.012"/>
  <testcase name="testGetExistingAppointment()" classname="org.example.servicelinkbe.business.appointment_service.implementations.GetSingleAppointmentUseCaseImplTest" time="0.003"/>
  <system-out><![CDATA[]]></system-out>
  <system-err><![CDATA[]]></system-err>
</testsuite>
