<?xml version="1.0" encoding="UTF-8"?>
<testsuite name="org.example.servicelinkbe.business.user_service.implementations.GetUsersUseCaseImplTest" tests="2" skipped="0" failures="0" errors="0" timestamp="2024-06-28T16:03:26" hostname="NAZIM" time="0.005">
  <properties/>
  <testcase name="get_Users_UsersExist_ReturnsUsersResponse()" classname="org.example.servicelinkbe.business.user_service.implementations.GetUsersUseCaseImplTest" time="0.003"/>
  <testcase name="get_Users_NoUsersExist_ReturnsEmptyResponse()" classname="org.example.servicelinkbe.business.user_service.implementations.GetUsersUseCaseImplTest" time="0.001"/>
  <system-out><![CDATA[]]></system-out>
  <system-err><![CDATA[]]></system-err>
</testsuite>
