<?xml version="1.0" encoding="UTF-8"?>
<testsuite name="org.example.servicelinkbe.business.user_service.implementations.GetUsersUseCaseImplTest" tests="2" skipped="0" failures="0" errors="0" timestamp="2024-06-27T20:13:47" hostname="NAZIM" time="0.007">
  <properties/>
  <testcase name="get_Users_UsersExist_ReturnsUsersResponse()" classname="org.example.servicelinkbe.business.user_service.implementations.GetUsersUseCaseImplTest" time="0.004"/>
  <testcase name="get_Users_NoUsersExist_ReturnsEmptyResponse()" classname="org.example.servicelinkbe.business.user_service.implementations.GetUsersUseCaseImplTest" time="0.002"/>
  <system-out><![CDATA[]]></system-out>
  <system-err><![CDATA[]]></system-err>
</testsuite>
