<?xml version="1.0" encoding="UTF-8"?>
<testsuite name="org.example.servicelinkbe.ServiceProviderLinkBeApplicationTests" tests="1" skipped="0" failures="0" errors="0" timestamp="2024-06-29T18:19:29" hostname="NAZIM" time="0.298">
  <properties/>
  <testcase name="contextLoads()" classname="org.example.servicelinkbe.ServiceProviderLinkBeApplicationTests" time="0.298"/>
  <system-out><![CDATA[20:19:19.186 [Test worker] INFO org.springframework.test.context.support.AnnotationConfigContextLoaderUtils -- Could not detect default configuration classes for test class [org.example.servicelinkbe.ServiceProviderLinkBeApplicationTests]: ServiceProviderLinkBeApplicationTests does not declare any static, non-private, non-final, nested classes annotated with @Configuration.
20:19:19.411 [Test worker] INFO org.springframework.boot.test.context.SpringBootTestContextBootstrapper -- Found @SpringBootConfiguration org.example.servicelinkbe.ServiceLinkBeApplication for test class org.example.servicelinkbe.ServiceProviderLinkBeApplicationTests

  .   ____          _            __ _ _
 /\\ / ___'_ __ _ _(_)_ __  __ _ \ \ \ \
( ( )\___ | '_ | '_| | '_ \/ _` | \ \ \ \
 \\/  ___)| |_)| | | | | || (_| |  ) ) ) )
  '  |____| .__|_| |_|_| |_\__, | / / / /
 =========|_|==============|___/=/_/_/_/

 :: Spring Boot ::                (v3.3.1)

2024-06-29T20:19:20.174+02:00  INFO 10396 --- [    Test worker] .s.ServiceProviderLinkBeApplicationTests : Starting ServiceProviderLinkBeApplicationTests using Java 17.0.10 with PID 10396 (started by nahme in C:\Side-project\ServiceLink-BE)
2024-06-29T20:19:20.177+02:00  INFO 10396 --- [    Test worker] .s.ServiceProviderLinkBeApplicationTests : No active profile set, falling back to 1 default profile: "default"
2024-06-29T20:19:21.917+02:00  INFO 10396 --- [    Test worker] .s.d.r.c.RepositoryConfigurationDelegate : Bootstrapping Spring Data JPA repositories in DEFAULT mode.
2024-06-29T20:19:22.085+02:00  INFO 10396 --- [    Test worker] .s.d.r.c.RepositoryConfigurationDelegate : Finished Spring Data repository scanning in 154 ms. Found 5 JPA repository interfaces.
2024-06-29T20:19:24.116+02:00  INFO 10396 --- [    Test worker] org.flywaydb.core.FlywayExecutor         : Database: jdbc:mysql://localhost:3306/service_link (MySQL 8.4)
2024-06-29T20:19:24.169+02:00  WARN 10396 --- [    Test worker] o.f.c.internal.database.base.Database    : Flyway upgrade recommended: MySQL 8.4 is newer than this version of Flyway and support has not been tested. The latest supported version of MySQL is 8.1.
2024-06-29T20:19:24.343+02:00  INFO 10396 --- [    Test worker] o.f.core.internal.command.DbValidate     : Successfully validated 1 migration (execution time 00:00.104s)
2024-06-29T20:19:24.396+02:00  INFO 10396 --- [    Test worker] o.f.core.internal.command.DbMigrate      : Current version of schema `service_link`: 1
2024-06-29T20:19:24.396+02:00 ERROR 10396 --- [    Test worker] o.f.core.internal.command.DbMigrate      : Schema `service_link` has version 1, but no migration could be resolved in the configured locations !
2024-06-29T20:19:24.405+02:00  INFO 10396 --- [    Test worker] o.f.core.internal.command.DbMigrate      : Schema `service_link` is up to date. No migration necessary.
2024-06-29T20:19:24.565+02:00  INFO 10396 --- [    Test worker] o.hibernate.jpa.internal.util.LogHelper  : HHH000204: Processing PersistenceUnitInfo [name: default]
2024-06-29T20:19:24.714+02:00  INFO 10396 --- [    Test worker] org.hibernate.Version                    : HHH000412: Hibernate ORM core version 6.5.2.Final
2024-06-29T20:19:24.799+02:00  INFO 10396 --- [    Test worker] o.h.c.internal.RegionFactoryInitiator    : HHH000026: Second-level cache disabled
2024-06-29T20:19:25.338+02:00  INFO 10396 --- [    Test worker] o.s.o.j.p.SpringPersistenceUnitInfo      : No LoadTimeWeaver setup: ignoring JPA class transformer
2024-06-29T20:19:25.384+02:00  INFO 10396 --- [    Test worker] com.zaxxer.hikari.HikariDataSource       : HikariPool-1 - Starting...
2024-06-29T20:19:25.461+02:00  INFO 10396 --- [    Test worker] com.zaxxer.hikari.pool.HikariPool        : HikariPool-1 - Added connection com.mysql.cj.jdbc.ConnectionImpl@70e5737f
2024-06-29T20:19:25.464+02:00  INFO 10396 --- [    Test worker] com.zaxxer.hikari.HikariDataSource       : HikariPool-1 - Start completed.
2024-06-29T20:19:25.522+02:00  WARN 10396 --- [    Test worker] org.hibernate.orm.deprecation            : HHH90000025: MySQL8Dialect does not need to be specified explicitly using 'hibernate.dialect' (remove the property setting and it will be selected by default)
2024-06-29T20:19:25.523+02:00  WARN 10396 --- [    Test worker] org.hibernate.orm.deprecation            : HHH90000026: MySQL8Dialect has been deprecated; use org.hibernate.dialect.MySQLDialect instead
2024-06-29T20:19:27.379+02:00  INFO 10396 --- [    Test worker] o.h.e.t.j.p.i.JtaPlatformInitiator       : HHH000489: No JTA platform available (set 'hibernate.transaction.jta.platform' to enable JTA platform integration)
2024-06-29T20:19:27.386+02:00  INFO 10396 --- [    Test worker] j.LocalContainerEntityManagerFactoryBean : Initialized JPA EntityManagerFactory for persistence unit 'default'
2024-06-29T20:19:28.643+02:00  WARN 10396 --- [    Test worker] JpaBaseConfiguration$JpaWebConfiguration : spring.jpa.open-in-view is enabled by default. Therefore, database queries may be performed during view rendering. Explicitly configure spring.jpa.open-in-view to disable this warning
2024-06-29T20:19:29.589+02:00  WARN 10396 --- [    Test worker] .s.s.UserDetailsServiceAutoConfiguration : 

Using generated security password: 2a554808-9475-45dd-80c2-89e5991e0cd3

This generated password is for development use only. Your security configuration must be updated before running your application in production.

2024-06-29T20:19:29.607+02:00  INFO 10396 --- [    Test worker] r$InitializeUserDetailsManagerConfigurer : Global AuthenticationManager configured with UserDetailsService bean with name inMemoryUserDetailsManager
2024-06-29T20:19:29.970+02:00  INFO 10396 --- [    Test worker] .s.ServiceProviderLinkBeApplicationTests : Started ServiceProviderLinkBeApplicationTests in 10.246 seconds (process running for 12.387)
]]></system-out>
  <system-err><![CDATA[]]></system-err>
</testsuite>
