<?xml version="1.0" encoding="UTF-8"?>
<testsuite name="org.example.servicelinkbe.business.service_provider_service.implementations.GetServiceProvidersUseCaseImplTest" tests="1" skipped="0" failures="0" errors="0" timestamp="2024-07-01T07:54:06" hostname="NAZIM" time="0.01">
  <properties/>
  <testcase name="testGet()" classname="org.example.servicelinkbe.business.service_provider_service.implementations.GetServiceProvidersUseCaseImplTest" time="0.01"/>
  <system-out><![CDATA[]]></system-out>
  <system-err><![CDATA[]]></system-err>
</testsuite>
