<?xml version="1.0" encoding="UTF-8"?>
<testsuite name="org.example.servicelinkbe.business.appointment_service.implementations.UpdateAppointmentUseCaseImplTest" tests="2" skipped="0" failures="0" errors="0" timestamp="2024-07-01T07:54:06" hostname="NAZIM" time="0.007">
  <properties/>
  <testcase name="testUpdateNonExistingAppointment()" classname="org.example.servicelinkbe.business.appointment_service.implementations.UpdateAppointmentUseCaseImplTest" time="0.003"/>
  <testcase name="testUpdateExistingAppointment()" classname="org.example.servicelinkbe.business.appointment_service.implementations.UpdateAppointmentUseCaseImplTest" time="0.002"/>
  <system-out><![CDATA[]]></system-out>
  <system-err><![CDATA[]]></system-err>
</testsuite>
