<?xml version="1.0" encoding="UTF-8"?>
<testsuite name="org.example.servicelinkbe.business.service_provider_service.implementations.GetSingleServiceProviderUseCaseImplTest" tests="2" skipped="0" failures="0" errors="0" timestamp="2024-07-01T07:54:06" hostname="NAZIM" time="0.009">
  <properties/>
  <testcase name="testGetSuccess()" classname="org.example.servicelinkbe.business.service_provider_service.implementations.GetSingleServiceProviderUseCaseImplTest" time="0.004"/>
  <testcase name="testGetNotFound()" classname="org.example.servicelinkbe.business.service_provider_service.implementations.GetSingleServiceProviderUseCaseImplTest" time="0.004"/>
  <system-out><![CDATA[]]></system-out>
  <system-err><![CDATA[]]></system-err>
</testsuite>
