<?xml version="1.0" encoding="UTF-8"?>
<testsuite name="org.example.servicelinkbe.business.user_service.implementations.CreateUserUseCaseImplTest" tests="4" skipped="0" failures="0" errors="0" timestamp="2024-06-29T18:19:30" hostname="NAZIM" time="0.175">
  <properties/>
  <testcase name="create_createsUser_UserIsCustomerService_Successful()" classname="org.example.servicelinkbe.business.user_service.implementations.CreateUserUseCaseImplTest" time="0.152"/>
  <testcase name="create_createsUser_UserIsAdmin_Successful()" classname="org.example.servicelinkbe.business.user_service.implementations.CreateUserUseCaseImplTest" time="0.005"/>
  <testcase name="create_createsUser_UserIsFan_Successful()" classname="org.example.servicelinkbe.business.user_service.implementations.CreateUserUseCaseImplTest" time="0.007"/>
  <testcase name="create_createUser_Failure_UserExists()" classname="org.example.servicelinkbe.business.user_service.implementations.CreateUserUseCaseImplTest" time="0.008"/>
  <system-out><![CDATA[]]></system-out>
  <system-err><![CDATA[]]></system-err>
</testsuite>
