<?xml version="1.0" encoding="UTF-8"?>
<testsuite name="org.example.servicelinkbe.ProvisionLinkBeApplicationTests" tests="1" skipped="0" failures="0" errors="0" timestamp="2024-06-26T13:26:42" hostname="NAZIM" time="0.33">
  <properties/>
  <testcase name="contextLoads()" classname="org.example.servicelinkbe.ProvisionLinkBeApplicationTests" time="0.33"/>
  <system-out><![CDATA[15:26:32.688 [Test worker] INFO org.springframework.test.context.support.AnnotationConfigContextLoaderUtils -- Could not detect default configuration classes for test class [org.example.servicelinkbe.ProvisionLinkBeApplicationTests]: ProvisionLinkBeApplicationTests does not declare any static, non-private, non-final, nested classes annotated with @Configuration.
15:26:32.859 [Test worker] INFO org.springframework.boot.test.context.SpringBootTestContextBootstrapper -- Found @SpringBootConfiguration org.example.servicelinkbe.ServiceLinkBeApplication for test class org.example.servicelinkbe.ProvisionLinkBeApplicationTests

  .   ____          _            __ _ _
 /\\ / ___'_ __ _ _(_)_ __  __ _ \ \ \ \
( ( )\___ | '_ | '_| | '_ \/ _` | \ \ \ \
 \\/  ___)| |_)| | | | | || (_| |  ) ) ) )
  '  |____| .__|_| |_|_| |_\__, | / / / /
 =========|_|==============|___/=/_/_/_/

 :: Spring Boot ::                (v3.3.1)

2024-06-26T15:26:33.620+02:00  INFO 18572 --- [    Test worker] o.e.s.ProvisionLinkBeApplicationTests    : Starting ProvisionLinkBeApplicationTests using Java 17.0.10 with PID 18572 (started by nahme in C:\Side-project\ServiceLink-BE)
2024-06-26T15:26:33.627+02:00  INFO 18572 --- [    Test worker] o.e.s.ProvisionLinkBeApplicationTests    : No active profile set, falling back to 1 default profile: "default"
2024-06-26T15:26:35.172+02:00  INFO 18572 --- [    Test worker] .s.d.r.c.RepositoryConfigurationDelegate : Bootstrapping Spring Data JPA repositories in DEFAULT mode.
2024-06-26T15:26:35.344+02:00  INFO 18572 --- [    Test worker] .s.d.r.c.RepositoryConfigurationDelegate : Finished Spring Data repository scanning in 149 ms. Found 5 JPA repository interfaces.
2024-06-26T15:26:37.196+02:00  INFO 18572 --- [    Test worker] org.flywaydb.core.FlywayExecutor         : Database: jdbc:mysql://localhost:3306/service_link (MySQL 8.4)
2024-06-26T15:26:37.239+02:00  WARN 18572 --- [    Test worker] o.f.c.internal.database.base.Database    : Flyway upgrade recommended: MySQL 8.4 is newer than this version of Flyway and support has not been tested. The latest supported version of MySQL is 8.1.
2024-06-26T15:26:37.349+02:00  INFO 18572 --- [    Test worker] o.f.core.internal.command.DbValidate     : Successfully validated 0 migrations (execution time 00:00.066s)
2024-06-26T15:26:37.350+02:00  WARN 18572 --- [    Test worker] o.f.core.internal.command.DbValidate     : No migrations found. Are your locations set up correctly?
2024-06-26T15:26:37.411+02:00  INFO 18572 --- [    Test worker] o.f.core.internal.command.DbMigrate      : Current version of schema `service_link`: << Empty Schema >>
2024-06-26T15:26:37.428+02:00  INFO 18572 --- [    Test worker] o.f.core.internal.command.DbMigrate      : Schema `service_link` is up to date. No migration necessary.
2024-06-26T15:26:37.582+02:00  INFO 18572 --- [    Test worker] o.hibernate.jpa.internal.util.LogHelper  : HHH000204: Processing PersistenceUnitInfo [name: default]
2024-06-26T15:26:37.694+02:00  INFO 18572 --- [    Test worker] org.hibernate.Version                    : HHH000412: Hibernate ORM core version 6.5.2.Final
2024-06-26T15:26:37.763+02:00  INFO 18572 --- [    Test worker] o.h.c.internal.RegionFactoryInitiator    : HHH000026: Second-level cache disabled
2024-06-26T15:26:38.228+02:00  INFO 18572 --- [    Test worker] o.s.o.j.p.SpringPersistenceUnitInfo      : No LoadTimeWeaver setup: ignoring JPA class transformer
2024-06-26T15:26:38.278+02:00  INFO 18572 --- [    Test worker] com.zaxxer.hikari.HikariDataSource       : HikariPool-1 - Starting...
2024-06-26T15:26:38.350+02:00  INFO 18572 --- [    Test worker] com.zaxxer.hikari.pool.HikariPool        : HikariPool-1 - Added connection com.mysql.cj.jdbc.ConnectionImpl@7891cf3
2024-06-26T15:26:38.353+02:00  INFO 18572 --- [    Test worker] com.zaxxer.hikari.HikariDataSource       : HikariPool-1 - Start completed.
2024-06-26T15:26:38.406+02:00  WARN 18572 --- [    Test worker] org.hibernate.orm.deprecation            : HHH90000025: MySQL8Dialect does not need to be specified explicitly using 'hibernate.dialect' (remove the property setting and it will be selected by default)
2024-06-26T15:26:38.410+02:00  WARN 18572 --- [    Test worker] org.hibernate.orm.deprecation            : HHH90000026: MySQL8Dialect has been deprecated; use org.hibernate.dialect.MySQLDialect instead
2024-06-26T15:26:39.915+02:00  INFO 18572 --- [    Test worker] o.h.e.t.j.p.i.JtaPlatformInitiator       : HHH000489: No JTA platform available (set 'hibernate.transaction.jta.platform' to enable JTA platform integration)
2024-06-26T15:26:39.921+02:00  INFO 18572 --- [    Test worker] j.LocalContainerEntityManagerFactoryBean : Initialized JPA EntityManagerFactory for persistence unit 'default'
2024-06-26T15:26:41.019+02:00  WARN 18572 --- [    Test worker] JpaBaseConfiguration$JpaWebConfiguration : spring.jpa.open-in-view is enabled by default. Therefore, database queries may be performed during view rendering. Explicitly configure spring.jpa.open-in-view to disable this warning
2024-06-26T15:26:41.973+02:00  WARN 18572 --- [    Test worker] .s.s.UserDetailsServiceAutoConfiguration : 

Using generated security password: c4c542a0-04fa-4e6a-bbca-c01af65245e6

This generated password is for development use only. Your security configuration must be updated before running your application in production.

2024-06-26T15:26:41.991+02:00  INFO 18572 --- [    Test worker] r$InitializeUserDetailsManagerConfigurer : Global AuthenticationManager configured with UserDetailsService bean with name inMemoryUserDetailsManager
2024-06-26T15:26:42.346+02:00  INFO 18572 --- [    Test worker] o.e.s.ProvisionLinkBeApplicationTests    : Started ProvisionLinkBeApplicationTests in 9.153 seconds (process running for 11.403)
]]></system-out>
  <system-err><![CDATA[]]></system-err>
</testsuite>
