<?xml version="1.0" encoding="UTF-8"?>
<testsuite name="org.example.servicelinkbe.business.appointment_service.implementations.CreateAppointmentUseCaseImplTest" tests="1" skipped="0" failures="0" errors="0" timestamp="2024-06-28T16:03:26" hostname="NAZIM" time="0.18">
  <properties/>
  <testcase name="testCreate()" classname="org.example.servicelinkbe.business.appointment_service.implementations.CreateAppointmentUseCaseImplTest" time="0.18"/>
  <system-out><![CDATA[]]></system-out>
  <system-err><![CDATA[]]></system-err>
</testsuite>
