<?xml version="1.0" encoding="UTF-8"?>
<testsuite name="org.example.servicelinkbe.business.appointment_service.implementations.CreateAppointmentUseCaseImplTest" tests="1" skipped="0" failures="0" errors="0" timestamp="2024-06-28T20:56:10" hostname="NAZIM" time="0.062">
  <properties/>
  <testcase name="testCreate()" classname="org.example.servicelinkbe.business.appointment_service.implementations.CreateAppointmentUseCaseImplTest" time="0.062"/>
  <system-out><![CDATA[]]></system-out>
  <system-err><![CDATA[]]></system-err>
</testsuite>
